0 silly argv {
0 silly argv   _: [ 'version' ],
0 silly argv   yes: true,
0 silly argv   y: true,
0 silly argv   lernaVersion: '6.6.1',
0 silly argv   '$0': '/Users/luca/github/run-cmake-vcpkg-action-libs/node_modules/.bin/lerna'
0 silly argv }
1 notice cli v6.6.1
2 verbose rootPath /Users/luca/github/run-cmake-vcpkg-action-libs
3 info current version 3.6.1
4 silly isAnythingCommitted
5 verbose isAnythingCommitted 1
6 silly getCurrentBranch
7 verbose currentBranch release/cpack_presets
8 silly remoteBranchExists
9 silly isBehindUpstream
10 silly isBehindUpstream release/cpack_presets is behind origin/release/cpack_presets by 0 commit(s) and ahead by 0
11 silly hasTags
12 verbose hasTags true
13 silly git-describe.sync "v2.0.5-51-g18e9655" => {"lastTagName":"v2.0.5","lastVersion":"v2.0.5","refCount":"51","sha":"18e9655","isDirty":false}
14 info Looking for changed packages since v2.0.5
15 silly checking diff packages/action-lib
16 silly found diff in packages/action-lib/__tests__/lib.log_collection.test.ts
16 silly found diff in packages/action-lib/__tests__/lib.test.ts
16 silly found diff in packages/action-lib/__tests__/utils.test.ts
16 silly found diff in packages/action-lib/package-lock.json
16 silly found diff in packages/action-lib/package.json
16 silly found diff in packages/action-lib/src/action-lib.ts
17 verbose filtered diff [
17 verbose filtered diff   'packages/action-lib/__tests__/lib.log_collection.test.ts',
17 verbose filtered diff   'packages/action-lib/__tests__/lib.test.ts',
17 verbose filtered diff   'packages/action-lib/__tests__/utils.test.ts',
17 verbose filtered diff   'packages/action-lib/package-lock.json',
17 verbose filtered diff   'packages/action-lib/package.json',
17 verbose filtered diff   'packages/action-lib/src/action-lib.ts'
17 verbose filtered diff ]
18 silly checking diff packages/assets-lib
19 silly found diff in packages/assets-lib/package-lock.json
19 silly found diff in packages/assets-lib/package.json
20 verbose filtered diff [
20 verbose filtered diff   'packages/assets-lib/package-lock.json',
20 verbose filtered diff   'packages/assets-lib/package.json'
20 verbose filtered diff ]
21 silly checking diff packages/base-lib
22 silly found diff in packages/base-lib/package-lock.json
22 silly found diff in packages/base-lib/package.json
22 silly found diff in packages/base-lib/src/base-lib.ts
23 verbose filtered diff [
23 verbose filtered diff   'packages/base-lib/package-lock.json',
23 verbose filtered diff   'packages/base-lib/package.json',
23 verbose filtered diff   'packages/base-lib/src/base-lib.ts'
23 verbose filtered diff ]
24 silly checking diff packages/base-util-lib
25 silly found diff in packages/base-util-lib/__tests__/utils_suite.test.ts
25 silly found diff in packages/base-util-lib/package-lock.json
25 silly found diff in packages/base-util-lib/package.json
25 silly found diff in packages/base-util-lib/src/base-util-lib.ts
26 verbose filtered diff [
26 verbose filtered diff   'packages/base-util-lib/__tests__/utils_suite.test.ts',
26 verbose filtered diff   'packages/base-util-lib/package-lock.json',
26 verbose filtered diff   'packages/base-util-lib/package.json',
26 verbose filtered diff   'packages/base-util-lib/src/base-util-lib.ts'
26 verbose filtered diff ]
27 silly checking diff packages/run-cmake-lib
28 silly found diff in packages/run-cmake-lib/__tests__/run-cmake.basic.test.ts
28 silly found diff in packages/run-cmake-lib/__tests__/run-cmake.error-code.test.ts
28 silly found diff in packages/run-cmake-lib/__tests__/run-cmake.optionals.test.ts
28 silly found diff in packages/run-cmake-lib/__tests__/run-cmake.toolchain.test.ts
28 silly found diff in packages/run-cmake-lib/__tests__/run-cmake.workflow.test.ts
28 silly found diff in packages/run-cmake-lib/__tests__/utils_suite.test.ts
28 silly found diff in packages/run-cmake-lib/package-lock.json
28 silly found diff in packages/run-cmake-lib/package.json
28 silly found diff in packages/run-cmake-lib/src/cmake-globals.ts
28 silly found diff in packages/run-cmake-lib/src/cmake-runner.ts
28 silly found diff in packages/run-cmake-lib/src/cmake-utils.ts
28 silly found diff in packages/run-cmake-lib/src/index.ts
28 silly found diff in packages/run-cmake-lib/src/vcpkg-globals.ts
29 verbose filtered diff [
29 verbose filtered diff   'packages/run-cmake-lib/__tests__/run-cmake.basic.test.ts',
29 verbose filtered diff   'packages/run-cmake-lib/__tests__/run-cmake.error-code.test.ts',
29 verbose filtered diff   'packages/run-cmake-lib/__tests__/run-cmake.optionals.test.ts',
29 verbose filtered diff   'packages/run-cmake-lib/__tests__/run-cmake.toolchain.test.ts',
29 verbose filtered diff   'packages/run-cmake-lib/__tests__/run-cmake.workflow.test.ts',
29 verbose filtered diff   'packages/run-cmake-lib/__tests__/utils_suite.test.ts',
29 verbose filtered diff   'packages/run-cmake-lib/package-lock.json',
29 verbose filtered diff   'packages/run-cmake-lib/package.json',
29 verbose filtered diff   'packages/run-cmake-lib/src/cmake-globals.ts',
29 verbose filtered diff   'packages/run-cmake-lib/src/cmake-runner.ts',
29 verbose filtered diff   'packages/run-cmake-lib/src/cmake-utils.ts',
29 verbose filtered diff   'packages/run-cmake-lib/src/index.ts',
29 verbose filtered diff   'packages/run-cmake-lib/src/vcpkg-globals.ts'
29 verbose filtered diff ]
30 silly checking diff packages/run-vcpkg-lib
31 silly found diff in packages/run-vcpkg-lib/__tests__/mocks.ts
31 silly found diff in packages/run-vcpkg-lib/__tests__/run-vcpkg.bootstrap-on-failing-vcpkg.test.ts
31 silly found diff in packages/run-vcpkg-lib/__tests__/run-vcpkg.bootstrap-on-missing-vcpkg.test.ts
31 silly found diff in packages/run-vcpkg-lib/__tests__/run-vcpkg.bootstrap-on-version.test.ts
31 silly found diff in packages/run-vcpkg-lib/__tests__/run-vcpkg.build-and-not-run.test.ts
31 silly found diff in packages/run-vcpkg-lib/__tests__/run-vcpkg.build-and-run.test.ts
31 silly found diff in packages/run-vcpkg-lib/__tests__/run-vcpkg.do-not-bootstrap-on-version.test.ts
31 silly found diff in packages/run-vcpkg-lib/__tests__/run-vcpkg.sha1-commit.test.ts
31 silly found diff in packages/run-vcpkg-lib/__tests__/run-vcpkg.submodule.test.ts
31 silly found diff in packages/run-vcpkg-lib/__tests__/utils_suite.test.ts
31 silly found diff in packages/run-vcpkg-lib/package-lock.json
31 silly found diff in packages/run-vcpkg-lib/package.json
31 silly found diff in packages/run-vcpkg-lib/src/vcpkg-globals.ts
31 silly found diff in packages/run-vcpkg-lib/src/vcpkg-runner.ts
31 silly found diff in packages/run-vcpkg-lib/src/vcpkg-utils.ts
32 verbose filtered diff [
32 verbose filtered diff   'packages/run-vcpkg-lib/__tests__/mocks.ts',
32 verbose filtered diff   'packages/run-vcpkg-lib/__tests__/run-vcpkg.bootstrap-on-failing-vcpkg.test.ts',
32 verbose filtered diff   'packages/run-vcpkg-lib/__tests__/run-vcpkg.bootstrap-on-missing-vcpkg.test.ts',
32 verbose filtered diff   'packages/run-vcpkg-lib/__tests__/run-vcpkg.bootstrap-on-version.test.ts',
32 verbose filtered diff   'packages/run-vcpkg-lib/__tests__/run-vcpkg.build-and-not-run.test.ts',
32 verbose filtered diff   'packages/run-vcpkg-lib/__tests__/run-vcpkg.build-and-run.test.ts',
32 verbose filtered diff   'packages/run-vcpkg-lib/__tests__/run-vcpkg.do-not-bootstrap-on-version.test.ts',
32 verbose filtered diff   'packages/run-vcpkg-lib/__tests__/run-vcpkg.sha1-commit.test.ts',
32 verbose filtered diff   'packages/run-vcpkg-lib/__tests__/run-vcpkg.submodule.test.ts',
32 verbose filtered diff   'packages/run-vcpkg-lib/__tests__/utils_suite.test.ts',
32 verbose filtered diff   'packages/run-vcpkg-lib/package-lock.json',
32 verbose filtered diff   'packages/run-vcpkg-lib/package.json',
32 verbose filtered diff   'packages/run-vcpkg-lib/src/vcpkg-globals.ts',
32 verbose filtered diff   'packages/run-vcpkg-lib/src/vcpkg-runner.ts',
32 verbose filtered diff   'packages/run-vcpkg-lib/src/vcpkg-utils.ts'
32 verbose filtered diff ]
33 verbose updated @lukka/action-lib
34 verbose updated @lukka/assets-lib
35 verbose updated @lukka/base-lib
36 verbose updated @lukka/base-util-lib
37 verbose updated @lukka/run-cmake-lib
38 verbose updated @lukka/run-vcpkg-lib
39 verbose git-describe undefined => "v2.0.5-51-g18e9655"
40 silly git-describe parsed => {"lastTagName":"v2.0.5","lastVersion":"v2.0.5","refCount":"51","sha":"18e9655","isDirty":false}
41 info auto-confirmed
42 info execute Skipping releases
43 silly lifecycle No script for "preversion" in "root", continuing
44 silly lifecycle No script for "preversion" in "@lukka/assets-lib", continuing
45 silly lifecycle No script for "preversion" in "@lukka/base-lib", continuing
46 silly lifecycle No script for "version" in "@lukka/base-lib", continuing
47 silly lifecycle No script for "preversion" in "@lukka/base-util-lib", continuing
48 silly lifecycle No script for "version" in "@lukka/assets-lib", continuing
49 silly lifecycle No script for "version" in "@lukka/base-util-lib", continuing
50 silly lifecycle No script for "preversion" in "@lukka/action-lib", continuing
51 silly lifecycle No script for "version" in "@lukka/action-lib", continuing
52 silly lifecycle No script for "preversion" in "@lukka/run-vcpkg-lib", continuing
53 silly lifecycle No script for "version" in "@lukka/run-vcpkg-lib", continuing
54 silly lifecycle No script for "preversion" in "@lukka/run-cmake-lib", continuing
55 silly lifecycle No script for "version" in "@lukka/run-cmake-lib", continuing
56 verbose version Updating root package-lock.json
57 error Error: Command failed with exit code 1: npm install --package-lock-only --ignore-scripts
57 error npm ERR! code E404
57 error npm ERR! 404 Not Found - GET https://registry.npmjs.org/@lukka%2fbase-lib - Not found
57 error npm ERR! 404
57 error npm ERR! 404  '@lukka/base-lib@^3.6.2' is not in this registry.
57 error npm ERR! 404
57 error npm ERR! 404 Note that you can also install from a
57 error npm ERR! 404 tarball, folder, http url, or git url.
57 error
57 error npm ERR! A complete log of this run can be found in:
57 error npm ERR!     /Users/luca/.npm/_logs/2023-04-22T02_28_56_264Z-debug-0.log
57 error     at makeError (/Users/luca/github/run-cmake-vcpkg-action-libs/node_modules/@lerna/child-process/node_modules/execa/lib/error.js:60:11)
57 error     at handlePromise (/Users/luca/github/run-cmake-vcpkg-action-libs/node_modules/@lerna/child-process/node_modules/execa/index.js:118:26)
57 error     at processTicksAndRejections (node:internal/process/task_queues:96:5)
57 error     at async Promise.all (index 0)
